# JRE version: OpenJDK Runtime Environment (8.0_242-b01) (build 1.8.0_242-release-1644-b01)
# Java VM: OpenJDK 64-Bit Server VM (25.242-b01 mixed mode windows-amd64 compressed oops)
Heap:
 PSYoungGen      total 166400K, used 166093K [0x00000000d5580000, 0x00000000e1080000, 0x0000000100000000)
  eden space 156160K, 100% used [0x00000000d5580000,0x00000000dee00000,0x00000000dee00000)
  from space 10240K, 97% used [0x00000000e0680000,0x00000000e10334f0,0x00000000e1080000)
  to   space 14336K, 96% used [0x00000000df480000,0x00000000e01f3320,0x00000000e0280000)
 ParOldGen       total 108544K, used 18253K [0x0000000080000000, 0x0000000086a00000, 0x00000000d5580000)
  object space 108544K, 16% used [0x0000000080000000,0x00000000811d36c8,0x0000000086a00000)
 Metaspace       used 53103K, capacity 55486K, committed 55808K, reserved 1097728K
  class space    used 7107K, capacity 7579K, committed 7680K, reserved 1048576K
GC Heap History (10 events):
Event: 4.276 GC heap after
Heap after GC invocations=6 (full 1):
 PSYoungGen      total 71680K, used 0K [0x00000000d5580000, 0x00000000def80000, 0x0000000100000000)
  eden space 66560K, 0% used [0x00000000d5580000,0x00000000d5580000,0x00000000d9680000)
  from space 5120K, 0% used [0x00000000d9680000,0x00000000d9680000,0x00000000d9b80000)
  to   space 12288K, 0% used [0x00000000de380000,0x00000000de380000,0x00000000def80000)
 ParOldGen       total 66048K, used 11358K [0x0000000080000000, 0x0000000084080000, 0x00000000d5580000)
  object space 66048K, 17% used [0x0000000080000000,0x0000000080b17830,0x0000000084080000)
 Metaspace       used 20519K, capacity 21230K, committed 21296K, reserved 1067008K
  class space    used 2860K, capacity 3039K, committed 3072K, reserved 1048576K
}
Event: 5.334 GC heap before
{Heap before GC invocations=7 (full 1):
 PSYoungGen      total 71680K, used 66560K [0x00000000d5580000, 0x00000000def80000, 0x0000000100000000)
  eden space 66560K, 100% used [0x00000000d5580000,0x00000000d9680000,0x00000000d9680000)
  from space 5120K, 0% used [0x00000000d9680000,0x00000000d9680000,0x00000000d9b80000)
  to   space 12288K, 0% used [0x00000000de380000,0x00000000de380000,0x00000000def80000)
 ParOldGen       total 66048K, used 11358K [0x0000000080000000, 0x0000000084080000, 0x00000000d5580000)
  object space 66048K, 17% used [0x0000000080000000,0x0000000080b17830,0x0000000084080000)
 Metaspace       used 24951K, capacity 25958K, committed 26112K, reserved 1071104K
  class space    used 3568K, capacity 3821K, committed 3840K, reserved 1048576K
Event: 5.347 GC heap after
Heap after GC invocations=7 (full 1):
 PSYoungGen      total 109056K, used 5720K [0x00000000d5580000, 0x00000000de980000, 0x0000000100000000)
  eden space 102912K, 0% used [0x00000000d5580000,0x00000000d5580000,0x00000000dba00000)
  from space 6144K, 93% used [0x00000000de380000,0x00000000de916220,0x00000000de980000)
  to   space 11776K, 0% used [0x00000000dd280000,0x00000000dd280000,0x00000000dde00000)
 ParOldGen       total 66048K, used 11366K [0x0000000080000000, 0x0000000084080000, 0x00000000d5580000)
  object space 66048K, 17% used [0x0000000080000000,0x0000000080b19830,0x0000000084080000)
 Metaspace       used 24951K, capacity 25958K, committed 26112K, reserved 1071104K
  class space    used 3568K, capacity 3821K, committed 3840K, reserved 1048576K
}
Event: 6.952 GC heap before
{Heap before GC invocations=8 (full 1):
 PSYoungGen      total 109056K, used 99003K [0x00000000d5580000, 0x00000000de980000, 0x0000000100000000)
  eden space 102912K, 90% used [0x00000000d5580000,0x00000000db098d80,0x00000000dba00000)
  from space 6144K, 93% used [0x00000000de380000,0x00000000de916220,0x00000000de980000)
  to   space 11776K, 0% used [0x00000000dd280000,0x00000000dd280000,0x00000000dde00000)
 ParOldGen       total 66048K, used 11366K [0x0000000080000000, 0x0000000084080000, 0x00000000d5580000)
  object space 66048K, 17% used [0x0000000080000000,0x0000000080b19830,0x0000000084080000)
 Metaspace       used 34059K, capacity 35326K, committed 35456K, reserved 1079296K
  class space    used 4588K, capacity 4884K, committed 4992K, reserved 1048576K
Event: 7.023 GC heap after
Heap after GC invocations=8 (full 1):
 PSYoungGen      total 139776K, used 11748K [0x00000000d5580000, 0x00000000e1400000, 0x0000000100000000)
  eden space 128000K, 0% used [0x00000000d5580000,0x00000000d5580000,0x00000000dd280000)
  from space 11776K, 99% used [0x00000000dd280000,0x00000000dddf92f0,0x00000000dde00000)
  to   space 13824K, 0% used [0x00000000e0680000,0x00000000e0680000,0x00000000e1400000)
 ParOldGen       total 66048K, used 11620K [0x0000000080000000, 0x0000000084080000, 0x00000000d5580000)
  object space 66048K, 17% used [0x0000000080000000,0x0000000080b59000,0x0000000084080000)
 Metaspace       used 34059K, capacity 35326K, committed 35456K, reserved 1079296K
  class space    used 4588K, capacity 4884K, committed 4992K, reserved 1048576K
}
Event: 7.023 GC heap before
{Heap before GC invocations=9 (full 2):
 PSYoungGen      total 139776K, used 11748K [0x00000000d5580000, 0x00000000e1400000, 0x0000000100000000)
  eden space 128000K, 0% used [0x00000000d5580000,0x00000000d5580000,0x00000000dd280000)
  from space 11776K, 99% used [0x00000000dd280000,0x00000000dddf92f0,0x00000000dde00000)
  to   space 13824K, 0% used [0x00000000e0680000,0x00000000e0680000,0x00000000e1400000)
 ParOldGen       total 66048K, used 11620K [0x0000000080000000, 0x0000000084080000, 0x00000000d5580000)
  object space 66048K, 17% used [0x0000000080000000,0x0000000080b59000,0x0000000084080000)
 Metaspace       used 34059K, capacity 35326K, committed 35456K, reserved 1079296K
  class space    used 4588K, capacity 4884K, committed 4992K, reserved 1048576K
Event: 7.406 GC heap after
Heap after GC invocations=9 (full 2):
 PSYoungGen      total 139776K, used 0K [0x00000000d5580000, 0x00000000e1400000, 0x0000000100000000)
  eden space 128000K, 0% used [0x00000000d5580000,0x00000000d5580000,0x00000000dd280000)
  from space 11776K, 0% used [0x00000000dd280000,0x00000000dd280000,0x00000000dde00000)
  to   space 13824K, 0% used [0x00000000e0680000,0x00000000e0680000,0x00000000e1400000)
 ParOldGen       total 108544K, used 18237K [0x0000000080000000, 0x0000000086a00000, 0x00000000d5580000)
  object space 108544K, 16% used [0x0000000080000000,0x00000000811cf6c8,0x0000000086a00000)
 Metaspace       used 34059K, capacity 35326K, committed 35456K, reserved 1079296K
  class space    used 4588K, capacity 4884K, committed 4992K, reserved 1048576K
}
Event: 9.288 GC heap before
{Heap before GC invocations=10 (full 2):
 PSYoungGen      total 139776K, used 128000K [0x00000000d5580000, 0x00000000e1400000, 0x0000000100000000)
  eden space 128000K, 100% used [0x00000000d5580000,0x00000000dd280000,0x00000000dd280000)
  from space 11776K, 0% used [0x00000000dd280000,0x00000000dd280000,0x00000000dde00000)
  to   space 13824K, 0% used [0x00000000e0680000,0x00000000e0680000,0x00000000e1400000)
 ParOldGen       total 108544K, used 18237K [0x0000000080000000, 0x0000000086a00000, 0x00000000d5580000)
  object space 108544K, 16% used [0x0000000080000000,0x00000000811cf6c8,0x0000000086a00000)
 Metaspace       used 38868K, capacity 40820K, committed 40832K, reserved 1085440K
  class space    used 5345K, capacity 5749K, committed 5760K, reserved 1048576K
Event: 9.307 GC heap after
Heap after GC invocations=10 (full 2):
 PSYoungGen      total 166400K, used 9933K [0x00000000d5580000, 0x00000000e1080000, 0x0000000100000000)
  eden space 156160K, 0% used [0x00000000d5580000,0x00000000d5580000,0x00000000dee00000)
  from space 10240K, 97% used [0x00000000e0680000,0x00000000e10334f0,0x00000000e1080000)
  to   space 14336K, 0% used [0x00000000df480000,0x00000000df480000,0x00000000e0280000)
 ParOldGen       total 108544K, used 18245K [0x0000000080000000, 0x0000000086a00000, 0x00000000d5580000)
  object space 108544K, 16% used [0x0000000080000000,0x00000000811d16c8,0x0000000086a00000)
 Metaspace       used 38868K, capacity 40820K, committed 40832K, reserved 1085440K
  class space    used 5345K, capacity 5749K, committed 5760K, reserved 1048576K
}
Event: 12.276 GC heap before
{Heap before GC invocations=11 (full 2):
 PSYoungGen      total 166400K, used 166093K [0x00000000d5580000, 0x00000000e1080000, 0x0000000100000000)
  eden space 156160K, 100% used [0x00000000d5580000,0x00000000dee00000,0x00000000dee00000)
  from space 10240K, 97% used [0x00000000e0680000,0x00000000e10334f0,0x00000000e1080000)
  to   space 14336K, 0% used [0x00000000df480000,0x00000000df480000,0x00000000e0280000)
 ParOldGen       total 108544K, used 18245K [0x0000000080000000, 0x0000000086a00000, 0x00000000d5580000)
  object space 108544K, 16% used [0x0000000080000000,0x00000000811d16c8,0x0000000086a00000)
 Metaspace       used 53103K, capacity 55486K, committed 55808K, reserved 1097728K
  class space    used 7107K, capacity 7579K, committed 7680K, reserved 1048576K

